<?xml version="1.0" ?>
<!DOCTYPE coverage SYSTEM "http://cobertura.sourceforge.net/xml/coverage-04.dtd">
<coverage lines-valid="9"  lines-covered="7"  line-rate="0.7778"  branches-valid="0"  branches-covered="0"  branch-rate="1"  timestamp="1495102984892" complexity="0" version="0.1">
<sources>
	<source>/Users/mslofstra/git/molgenis-apps-core/navigator/src/main/frontend</source>
</sources>
<packages>
	<package name="src"  line-rate="1"  branch-rate="1" >
	<classes>
		<class name="MgApp.vue"  filename="src/MgApp.vue"  line-rate="1"  branch-rate="1" >
		<methods>
		</methods>
		<lines>
		</lines>
		</class>
	</classes>
	</package>
	<package name="src.components"  line-rate="0"  branch-rate="1" >
	<classes>
		<class name="MgHello.vue"  filename="src/components/MgHello.vue"  line-rate="0"  branch-rate="1" >
		<methods>
		</methods>
		<lines>
			<line number="12"  hits="0"  branch="false" />
		</lines>
		</class>
		<class name="MgI18n.vue"  filename="src/components/MgI18n.vue"  line-rate="1"  branch-rate="1" >
		<methods>
		</methods>
		<lines>
		</lines>
		</class>
	</classes>
	</package>
	<package name="src.router"  line-rate="1"  branch-rate="1" >
	<classes>
		<class name="index.js"  filename="src/router/index.js"  line-rate="1"  branch-rate="1" >
		<methods>
		</methods>
		<lines>
			<line number="5"  hits="1"  branch="false" />
		</lines>
		</class>
	</classes>
	</package>
	<package name="src.store"  line-rate="0.8571"  branch-rate="1" >
	<classes>
		<class name="actions.js"  filename="src/store/actions.js"  line-rate="1"  branch-rate="1" >
		<methods>
		</methods>
		<lines>
			<line number="3"  hits="1"  branch="false" />
		</lines>
		</class>
		<class name="getters.js"  filename="src/store/getters.js"  line-rate="1"  branch-rate="1" >
		<methods>
		</methods>
		<lines>
			<line number="3"  hits="1"  branch="false" />
		</lines>
		</class>
		<class name="index.js"  filename="src/store/index.js"  line-rate="1"  branch-rate="1" >
		<methods>
		</methods>
		<lines>
			<line number="9"  hits="1"  branch="false" />
		</lines>
		</class>
		<class name="mutations.js"  filename="src/store/mutations.js"  line-rate="0.5"  branch-rate="1" >
		<methods>
		</methods>
		<lines>
			<line number="3"  hits="1"  branch="false" />
			<line number="7"  hits="0"  branch="false" />
		</lines>
		</class>
		<class name="state.js"  filename="src/store/state.js"  line-rate="1"  branch-rate="1" >
		<methods>
		</methods>
		<lines>
			<line number="7"  hits="1"  branch="false" />
			<line number="8"  hits="1"  branch="false" />
		</lines>
		</class>
	</classes>
	</package>
</packages>
</coverage>
